{"numTotalTestSuites":2,"numPassedTestSuites":0,"numFailedTestSuites":2,"numPendingTestSuites":0,"numTotalTests":4,"numPassedTests":1,"numFailedTests":2,"numPendingTests":1,"numTodoTests":0,"snapshot":{"added":0,"failure":false,"filesAdded":0,"filesRemoved":0,"filesRemovedList":[],"filesUnmatched":0,"filesUpdated":0,"matched":0,"total":0,"unchecked":0,"uncheckedKeysByFile":[],"unmatched":0,"updated":0,"didUpdate":false},"startTime":1783651255713,"success":false,"testResults":[{"assertionResults":[{"ancestorTitles":["fixture suite"],"fullName":"fixture suite passes","status":"passed","title":"passes","duration":0.687417000000039,"failureMessages":[],"meta":{}},{"ancestorTitles":["fixture suite"],"fullName":"fixture suite fails with a diff","status":"failed","title":"fails with a diff","duration":4.701459,"failureMessages":["AssertionError: expected { a: 1 } to deeply equal { a: 2 }\n    at /Users/admin/Documents/GitHub/ugly-code/tests/unit/__tmp_fail.test.ts:4:52\n    at file:///Users/admin/Documents/GitHub/ugly-code/node_modules/.pnpm/@vitest+runner@3.2.6/node_modules/@vitest/runner/dist/chunk-hooks.js:155:11\n    at file:///Users/admin/Documents/GitHub/ugly-code/node_modules/.pnpm/@vitest+runner@3.2.6/node_modules/@vitest/runner/dist/chunk-hooks.js:752:26\n    at file:///Users/admin/Documents/GitHub/ugly-code/node_modules/.pnpm/@vitest+runner@3.2.6/node_modules/@vitest/runner/dist/chunk-hooks.js:1897:20\n    at new Promise (<anonymous>)\n    at runWithTimeout (file:///Users/admin/Documents/GitHub/ugly-code/node_modules/.pnpm/@vitest+runner@3.2.6/node_modules/@vitest/runner/dist/chunk-hooks.js:1863:10)\n    at runTest (file:///Users/admin/Documents/GitHub/ugly-code/node_modules/.pnpm/@vitest+runner@3.2.6/node_modules/@vitest/runner/dist/chunk-hooks.js:1574:12)\n    at processTicksAndRejections (node:internal/process/task_queues:103:5)\n    at runSuite (file:///Users/admin/Documents/GitHub/ugly-code/node_modules/.pnpm/@vitest+runner@3.2.6/node_modules/@vitest/runner/dist/chunk-hooks.js:1729:8)\n    at runSuite (file:///Users/admin/Documents/GitHub/ugly-code/node_modules/.pnpm/@vitest+runner@3.2.6/node_modules/@vitest/runner/dist/chunk-hooks.js:1729:8)"],"meta":{}},{"ancestorTitles":["fixture suite"],"fullName":"fixture suite is skipped","status":"skipped","title":"is skipped","failureMessages":[],"meta":{}},{"ancestorTitles":["fixture suite"],"fullName":"fixture suite has a special [name] with (regex) chars","status":"failed","title":"has a special [name] with (regex) chars","duration":0.49029100000001336,"failureMessages":["AssertionError: expected 2 to be 3 // Object.is equality\n    at /Users/admin/Documents/GitHub/ugly-code/tests/unit/__tmp_fail.test.ts:6:67\n    at file:///Users/admin/Documents/GitHub/ugly-code/node_modules/.pnpm/@vitest+runner@3.2.6/node_modules/@vitest/runner/dist/chunk-hooks.js:155:11\n    at file:///Users/admin/Documents/GitHub/ugly-code/node_modules/.pnpm/@vitest+runner@3.2.6/node_modules/@vitest/runner/dist/chunk-hooks.js:752:26\n    at file:///Users/admin/Documents/GitHub/ugly-code/node_modules/.pnpm/@vitest+runner@3.2.6/node_modules/@vitest/runner/dist/chunk-hooks.js:1897:20\n    at new Promise (<anonymous>)\n    at runWithTimeout (file:///Users/admin/Documents/GitHub/ugly-code/node_modules/.pnpm/@vitest+runner@3.2.6/node_modules/@vitest/runner/dist/chunk-hooks.js:1863:10)\n    at runTest (file:///Users/admin/Documents/GitHub/ugly-code/node_modules/.pnpm/@vitest+runner@3.2.6/node_modules/@vitest/runner/dist/chunk-hooks.js:1574:12)\n    at processTicksAndRejections (node:internal/process/task_queues:103:5)\n    at runSuite (file:///Users/admin/Documents/GitHub/ugly-code/node_modules/.pnpm/@vitest+runner@3.2.6/node_modules/@vitest/runner/dist/chunk-hooks.js:1729:8)\n    at runSuite (file:///Users/admin/Documents/GitHub/ugly-code/node_modules/.pnpm/@vitest+runner@3.2.6/node_modules/@vitest/runner/dist/chunk-hooks.js:1729:8)"],"meta":{}}],"startTime":1783651256185,"endTime":1783651256191.4902,"status":"failed","message":"","name":"/Users/admin/Documents/GitHub/ugly-code/tests/unit/__tmp_fail.test.ts"}]}